Performing C SOURCE FILE Test CMAKE_HAVE_LIBC_PTHREAD failed with the following output:
Change Dir: /home/zqh/CODE/learning_ws/build/CMakeFiles/CMakeTmp

Run Build Command(s):/usr/bin/make cmTC_8767e/fast && /usr/bin/make -f CMakeFiles/cmTC_8767e.dir/build.make CMakeFiles/cmTC_8767e.dir/build
make[1]: 进入目录“/home/zqh/CODE/learning_ws/build/CMakeFiles/CMakeTmp”
Building C object CMakeFiles/cmTC_8767e.dir/src.c.o
/usr/bin/cc   -DCMAKE_HAVE_LIBC_PTHREAD   -o CMakeFiles/cmTC_8767e.dir/src.c.o   -c /home/zqh/CODE/learning_ws/build/CMakeFiles/CMakeTmp/src.c
Linking C executable cmTC_8767e
/usr/bin/cmake -E cmake_link_script CMakeFiles/cmTC_8767e.dir/link.txt --verbose=1
/usr/bin/cc  -DCMAKE_HAVE_LIBC_PTHREAD    -rdynamic CMakeFiles/cmTC_8767e.dir/src.c.o  -o cmTC_8767e 
/usr/bin/ld: CMakeFiles/cmTC_8767e.dir/src.c.o: in function `main':
src.c:(.text+0x46): undefined reference to `pthread_create'
/usr/bin/ld: src.c:(.text+0x52): undefined reference to `pthread_detach'
/usr/bin/ld: src.c:(.text+0x63): undefined reference to `pthread_join'
collect2: error: ld returned 1 exit status
make[1]: *** [CMakeFiles/cmTC_8767e.dir/build.make:87：cmTC_8767e] 错误 1
make[1]: 离开目录“/home/zqh/CODE/learning_ws/build/CMakeFiles/CMakeTmp”
make: *** [Makefile:121：cmTC_8767e/fast] 错误 2


Source file was:
#include <pthread.h>

void* test_func(void* data)
{
  return data;
}

int main(void)
{
  pthread_t thread;
  pthread_create(&thread, NULL, test_func, NULL);
  pthread_detach(thread);
  pthread_join(thread, NULL);
  pthread_atfork(NULL, NULL, NULL);
  pthread_exit(NULL);

  return 0;
}

Determining if the function pthread_create exists in the pthreads failed with the following output:
Change Dir: /home/zqh/CODE/learning_ws/build/CMakeFiles/CMakeTmp

Run Build Command(s):/usr/bin/make cmTC_6d69c/fast && /usr/bin/make -f CMakeFiles/cmTC_6d69c.dir/build.make CMakeFiles/cmTC_6d69c.dir/build
make[1]: 进入目录“/home/zqh/CODE/learning_ws/build/CMakeFiles/CMakeTmp”
Building C object CMakeFiles/cmTC_6d69c.dir/CheckFunctionExists.c.o
/usr/bin/cc   -DCHECK_FUNCTION_EXISTS=pthread_create   -o CMakeFiles/cmTC_6d69c.dir/CheckFunctionExists.c.o   -c /usr/share/cmake-3.16/Modules/CheckFunctionExists.c
Linking C executable cmTC_6d69c
/usr/bin/cmake -E cmake_link_script CMakeFiles/cmTC_6d69c.dir/link.txt --verbose=1
/usr/bin/cc  -DCHECK_FUNCTION_EXISTS=pthread_create    -rdynamic CMakeFiles/cmTC_6d69c.dir/CheckFunctionExists.c.o  -o cmTC_6d69c  -lpthreads 
/usr/bin/ld: 找不到 -lpthreads
collect2: error: ld returned 1 exit status
make[1]: *** [CMakeFiles/cmTC_6d69c.dir/build.make:87：cmTC_6d69c] 错误 1
make[1]: 离开目录“/home/zqh/CODE/learning_ws/build/CMakeFiles/CMakeTmp”
make: *** [Makefile:121：cmTC_6d69c/fast] 错误 2



Performing C SOURCE FILE Test CMAKE_HAVE_LIBC_PTHREAD failed with the following output:
Change Dir: /home/zqh/CODE/Cuda-TensorRT/learning_ws/build/CMakeFiles/CMakeTmp

Run Build Command(s):/usr/bin/make cmTC_b6a5d/fast && /usr/bin/make -f CMakeFiles/cmTC_b6a5d.dir/build.make CMakeFiles/cmTC_b6a5d.dir/build
make[1]: 进入目录“/home/zqh/CODE/Cuda-TensorRT/learning_ws/build/CMakeFiles/CMakeTmp”
Building C object CMakeFiles/cmTC_b6a5d.dir/src.c.o
/usr/bin/cc   -DCMAKE_HAVE_LIBC_PTHREAD   -o CMakeFiles/cmTC_b6a5d.dir/src.c.o   -c /home/zqh/CODE/Cuda-TensorRT/learning_ws/build/CMakeFiles/CMakeTmp/src.c
Linking C executable cmTC_b6a5d
/usr/bin/cmake -E cmake_link_script CMakeFiles/cmTC_b6a5d.dir/link.txt --verbose=1
/usr/bin/cc  -DCMAKE_HAVE_LIBC_PTHREAD    -rdynamic CMakeFiles/cmTC_b6a5d.dir/src.c.o  -o cmTC_b6a5d 
/usr/bin/ld: CMakeFiles/cmTC_b6a5d.dir/src.c.o: in function `main':
src.c:(.text+0x46): undefined reference to `pthread_create'
/usr/bin/ld: src.c:(.text+0x52): undefined reference to `pthread_detach'
/usr/bin/ld: src.c:(.text+0x63): undefined reference to `pthread_join'
collect2: error: ld returned 1 exit status
make[1]: *** [CMakeFiles/cmTC_b6a5d.dir/build.make:87：cmTC_b6a5d] 错误 1
make[1]: 离开目录“/home/zqh/CODE/Cuda-TensorRT/learning_ws/build/CMakeFiles/CMakeTmp”
make: *** [Makefile:121：cmTC_b6a5d/fast] 错误 2


Source file was:
#include <pthread.h>

void* test_func(void* data)
{
  return data;
}

int main(void)
{
  pthread_t thread;
  pthread_create(&thread, NULL, test_func, NULL);
  pthread_detach(thread);
  pthread_join(thread, NULL);
  pthread_atfork(NULL, NULL, NULL);
  pthread_exit(NULL);

  return 0;
}

Determining if the function pthread_create exists in the pthreads failed with the following output:
Change Dir: /home/zqh/CODE/Cuda-TensorRT/learning_ws/build/CMakeFiles/CMakeTmp

Run Build Command(s):/usr/bin/make cmTC_9ae58/fast && /usr/bin/make -f CMakeFiles/cmTC_9ae58.dir/build.make CMakeFiles/cmTC_9ae58.dir/build
make[1]: 进入目录“/home/zqh/CODE/Cuda-TensorRT/learning_ws/build/CMakeFiles/CMakeTmp”
Building C object CMakeFiles/cmTC_9ae58.dir/CheckFunctionExists.c.o
/usr/bin/cc   -DCHECK_FUNCTION_EXISTS=pthread_create   -o CMakeFiles/cmTC_9ae58.dir/CheckFunctionExists.c.o   -c /usr/share/cmake-3.16/Modules/CheckFunctionExists.c
Linking C executable cmTC_9ae58
/usr/bin/cmake -E cmake_link_script CMakeFiles/cmTC_9ae58.dir/link.txt --verbose=1
/usr/bin/cc  -DCHECK_FUNCTION_EXISTS=pthread_create    -rdynamic CMakeFiles/cmTC_9ae58.dir/CheckFunctionExists.c.o  -o cmTC_9ae58  -lpthreads 
/usr/bin/ld: 找不到 -lpthreads
collect2: error: ld returned 1 exit status
make[1]: *** [CMakeFiles/cmTC_9ae58.dir/build.make:87：cmTC_9ae58] 错误 1
make[1]: 离开目录“/home/zqh/CODE/Cuda-TensorRT/learning_ws/build/CMakeFiles/CMakeTmp”
make: *** [Makefile:121：cmTC_9ae58/fast] 错误 2



